\BOOKMARK [0][-]{section*.2}{\376\377\000S\000u\000m\000\341\000r\000i\000o}{}% 1
\BOOKMARK [0][-]{section*.4}{\376\377\000L\000i\000s\000t\000a\000\040\000d\000e\000\040\000F\000i\000g\000u\000r\000a\000s}{}% 2
\BOOKMARK [0][-]{chapter.1}{\376\377\000I\000n\000t\000r\000o\000d\000u\000\347\000\343\000o}{}% 3
\BOOKMARK [1][-]{section.1.1}{\376\377\000I\000n\000t\000r\000o\000d\000u\000\347\000\343\000o}{chapter.1}% 4
\BOOKMARK [0][-]{chapter.2}{\376\377\000T\000e\000o\000r\000i\000a\000\040\000d\000a\000\040\000P\000i\000n\000\347\000a\000\040\000\323\000t\000i\000c\000a}{}% 5
\BOOKMARK [1][-]{section.2.1}{\376\377\000\323\000t\000i\000c\000a\000\040\000g\000e\000o\000m\000\351\000t\000r\000i\000c\000a\000\040\000e\000\040\000l\000i\000m\000i\000t\000e\000\040\000d\000e\000\040\000R\000a\000y\000l\000e\000i\000g\000h}{chapter.2}% 6
\BOOKMARK [1][-]{section.2.2}{\376\377\000U\000m\000a\000\040\000a\000b\000o\000r\000d\000a\000g\000e\000m\000\040\000d\000e\000\040\000\363\000t\000i\000c\000a\000\040\000o\000n\000d\000u\000l\000a\000t\000\363\000r\000i\000a}{chapter.2}% 7
\BOOKMARK [1][-]{section.2.3}{\376\377\000M\000o\000d\000e\000l\000o\000\040\000M\000i\000e\000-\000D\000e\000b\000y\000e}{chapter.2}% 8
\BOOKMARK [1][-]{section.2.4}{\376\377\000E\000f\000e\000i\000t\000o\000\040\000d\000o\000\040\000p\000e\000r\000f\000i\000l\000\040\000g\000a\000u\000s\000s\000i\000a\000n\000o}{chapter.2}% 9
\BOOKMARK [1][-]{section.2.5}{\376\377\000E\000f\000e\000i\000t\000o\000s\000\040\000d\000e\000\040\000p\000o\000l\000a\000r\000i\000z\000a\000\347\000\343\000o}{chapter.2}% 10
\BOOKMARK [1][-]{section.2.6}{\376\377\000A\000b\000e\000r\000r\000a\000\347\000\343\000o\000\040\000e\000s\000f\000\351\000r\000i\000c\000a\000\040\000p\000r\000o\000d\000u\000z\000i\000d\000a\000\040\000p\000o\000r\000\040\000r\000e\000f\000r\000a\000\347\000\343\000o\000\040\000n\000a\000\040\000i\000n\000t\000e\000r\000f\000a\000c\000e\000\040\000c\000o\000m\000\040\000o\000\040\000p\000o\000r\000t\000a\000-\000a\000m\000o\000s\000t\000r\000a}{chapter.2}% 11
\BOOKMARK [1][-]{section.2.7}{\376\377\000O\000u\000t\000r\000a\000s\000\040\000a\000b\000e\000r\000r\000a\000\347\000\365\000e\000s\000\040\000d\000o\000\040\000s\000i\000s\000t\000e\000m\000a\000\040\000\363\000t\000i\000c\000o}{chapter.2}% 12
\BOOKMARK [1][-]{section.2.8}{\376\377\000F\000o\000r\000\347\000a\000\040\000\363\000t\000i\000c\000a\000\040\000e\000m\000\040\000t\000e\000r\000m\000o\000s\000\040\000d\000a\000\040\000e\000x\000p\000a\000n\000s\000\343\000o\000\040\000e\000m\000\040\000m\000u\000l\000t\000i\000p\000o\000l\000o\000s}{chapter.2}% 13
\BOOKMARK [1][-]{section.2.9}{\376\377\000I\000n\000t\000e\000r\000a\000\347\000\343\000o\000\040\000S\000p\000i\000n\000-\000\323\000r\000b\000i\000t\000a}{chapter.2}% 14
\BOOKMARK [0][-]{chapter.3}{\376\377\000C\000a\000r\000a\000c\000t\000e\000r\000i\000z\000a\000\347\000\343\000o\000\040\000d\000e\000\040\000p\000a\000r\000\342\000m\000e\000t\000r\000o\000s\000\040\000f\000\355\000s\000i\000c\000o\000s}{}% 15
\BOOKMARK [1][-]{section.3.1}{\376\377\000C\000a\000r\000a\000c\000t\000e\000r\000i\000z\000a\000\347\000\343\000o\000\040\000d\000o\000\040\000a\000s\000t\000i\000g\000m\000a\000t\000i\000s\000m\000o\000\040\000p\000o\000r\000\040\000m\000e\000i\000o\000\040\000d\000a\000\040\000a\000n\000\341\000l\000i\000s\000e\000\040\000d\000o\000\040\000e\000x\000p\000e\000r\000i\000m\000e\000n\000t\000o\000\040\000d\000e\000\040\000t\000r\000a\000n\000s\000f\000e\000r\000\352\000n\000c\000i\000a\000\040\000d\000e\000\040\000m\000o\000m\000e\000n\000t\000o\000\040\000a\000n\000g\000u\000l\000a\000r}{chapter.3}% 16
\BOOKMARK [1][-]{section.3.2}{\376\377\000C\000a\000r\000a\000c\000t\000e\000r\000i\000z\000a\000\347\000\343\000o\000\040\000d\000o\000\040\000p\000a\000r\000\342\000m\000e\000t\000r\000o\000\040\000d\000e\000\040\000a\000b\000s\000o\000r\000\347\000\343\000o\000\040\000d\000a\000\040\000a\000m\000o\000s\000t\000r\000a}{chapter.3}% 17
\BOOKMARK [0][-]{chapter.4}{\376\377\000R\000e\000s\000u\000l\000t\000a\000d\000o\000s}{}% 18
\BOOKMARK [1][-]{section.4.1}{\376\377\000T\000r\000a\000n\000s\000f\000e\000r\000\352\000n\000c\000i\000a\000\040\000d\000e\000\040\000m\000o\000m\000e\000n\000t\000o\000\040\000a\000n\000g\000u\000l\000a\000r\000\040\000e\000\040\000c\000a\000r\000a\000c\000t\000e\000r\000i\000z\000a\000\347\000\343\000o\000\040\000d\000o\000\040\000a\000s\000t\000i\000g\000m\000a\000t\000i\000s\000m\000o}{chapter.4}% 19
\BOOKMARK [1][-]{section.4.2}{\376\377\000C\000a\000r\000a\000c\000t\000e\000r\000i\000z\000a\000\347\000\343\000o\000\040\000d\000o\000\040\000p\000a\000r\000\342\000m\000e\000t\000r\000o\000\040\000d\000e\000\040\000a\000b\000s\000o\000r\000\347\000\343\000o\000\040\000d\000a\000\040\000m\000i\000c\000r\000o\000e\000s\000f\000e\000r\000a}{chapter.4}% 20
\BOOKMARK [0][-]{chapter.5}{\376\377\000C\000o\000n\000s\000i\000d\000e\000r\000a\000\347\000\365\000e\000s\000\040\000F\000i\000n\000a\000i\000s}{}% 21
\BOOKMARK [0][-]{appendix.A}{\376\377\000F\000a\000t\000o\000r\000\040\000d\000e\000\040\000e\000f\000i\000c\000i\000\352\000n\000c\000i\000a\000\040\000e\000\040\000c\000o\000e\000f\000i\000c\000i\000e\000n\000t\000e\000s\000\040\000d\000e\000\040\000m\000u\000l\000t\000i\000p\000o\000l\000o}{}% 22
